<?xml version="1.0" encoding="UTF-8"?>
<coverage generated="1489740990011" clover="3.2.0">
  <project timestamp="1489740990011" name="All files">
    <metrics statements="44" coveredstatements="44" conditionals="6" coveredconditionals="6" methods="17" coveredmethods="17" elements="67" coveredelements="67" complexity="0" loc="44" ncloc="44" packages="4" files="6" classes="6">
      <package name="actions">
        <metrics statements="6" coveredstatements="6" conditionals="0" coveredconditionals="0" methods="2" coveredmethods="2"/>
        <file name="submitActions.js" path="/Users/xiaoxu/workspace/react-redux-demo/src/actions/submitActions.js">
          <metrics statements="6" coveredstatements="6" conditionals="0" coveredconditionals="0" methods="2" coveredmethods="2"/>
          <line num="1" count="3" type="stmt"/>
          <line num="2" count="3" type="stmt"/>
          <line num="5" count="3" type="stmt"/>
          <line num="6" count="4" type="stmt"/>
          <line num="12" count="3" type="stmt"/>
          <line num="13" count="4" type="stmt"/>
        </file>
      </package>
      <package name="components">
        <metrics statements="18" coveredstatements="18" conditionals="2" coveredconditionals="2" methods="7" coveredmethods="7"/>
        <file name="app.jsx" path="/Users/xiaoxu/workspace/react-redux-demo/src/components/app.jsx">
          <metrics statements="18" coveredstatements="18" conditionals="2" coveredconditionals="2" methods="7" coveredmethods="7"/>
          <line num="10" count="1" type="stmt"/>
          <line num="32" count="3" type="stmt"/>
          <line num="33" count="3" type="stmt"/>
          <line num="34" count="3" type="stmt"/>
          <line num="35" count="3" type="stmt"/>
          <line num="39" count="3" type="stmt"/>
          <line num="43" count="2" type="stmt"/>
          <line num="44" count="2" type="stmt"/>
          <line num="48" count="1" type="stmt"/>
          <line num="52" count="9" type="stmt"/>
          <line num="54" count="9" type="stmt"/>
          <line num="55" count="2" type="stmt"/>
          <line num="67" count="7" type="stmt"/>
          <line num="83" count="1" type="stmt"/>
          <line num="92" count="1" type="stmt"/>
          <line num="93" count="9" type="stmt"/>
          <line num="99" count="1" type="stmt"/>
          <line num="100" count="3" type="stmt"/>
        </file>
      </package>
      <package name="components.UIs">
        <metrics statements="14" coveredstatements="14" conditionals="0" coveredconditionals="0" methods="7" coveredmethods="7"/>
        <file name="footer.jsx" path="/Users/xiaoxu/workspace/react-redux-demo/src/components/UIs/footer.jsx">
          <metrics statements="6" coveredstatements="6" conditionals="0" coveredconditionals="0" methods="3" coveredmethods="3"/>
          <line num="3" count="2" type="stmt"/>
          <line num="14" count="3" type="stmt"/>
          <line num="15" count="3" type="stmt"/>
          <line num="19" count="1" type="stmt"/>
          <line num="23" count="3" type="stmt"/>
          <line num="34" count="2" type="stmt"/>
        </file>
        <file name="submitButton.jsx" path="/Users/xiaoxu/workspace/react-redux-demo/src/components/UIs/submitButton.jsx">
          <metrics statements="2" coveredstatements="2" conditionals="0" coveredconditionals="0" methods="1" coveredmethods="1"/>
          <line num="3" count="2" type="stmt"/>
          <line num="28" count="8" type="stmt"/>
        </file>
        <file name="userName.jsx" path="/Users/xiaoxu/workspace/react-redux-demo/src/components/UIs/userName.jsx">
          <metrics statements="6" coveredstatements="6" conditionals="0" coveredconditionals="0" methods="3" coveredmethods="3"/>
          <line num="3" count="2" type="stmt"/>
          <line num="29" count="5" type="stmt"/>
          <line num="30" count="5" type="stmt"/>
          <line num="34" count="3" type="stmt"/>
          <line num="38" count="8" type="stmt"/>
          <line num="50" count="2" type="stmt"/>
        </file>
      </package>
      <package name="reducers">
        <metrics statements="6" coveredstatements="6" conditionals="4" coveredconditionals="4" methods="1" coveredmethods="1"/>
        <file name="submitReducer.jsx" path="/Users/xiaoxu/workspace/react-redux-demo/src/reducers/submitReducer.jsx">
          <metrics statements="6" coveredstatements="6" conditionals="4" coveredconditionals="4" methods="1" coveredmethods="1"/>
          <line num="4" count="2" type="stmt"/>
          <line num="9" count="2" type="stmt"/>
          <line num="10" count="15" type="stmt"/>
          <line num="12" count="4" type="stmt"/>
          <line num="15" count="5" type="stmt"/>
          <line num="18" count="6" type="stmt"/>
        </file>
      </package>
    </metrics>
  </project>
</coverage>
