{"/Users/xiaoxu/workspace/react-redux-demo/src/actions/submitActions.js": {"path":"/Users/xiaoxu/workspace/react-redux-demo/src/actions/submitActions.js","statementMap":{"0":{"start":{"line":1,"column":38},"end":{"line":1,"column":62}},"1":{"start":{"line":2,"column":28},"end":{"line":2,"column":42}},"2":{"start":{"line":5,"column":33},"end":{"line":10,"column":1}},"3":{"start":{"line":6,"column":2},"end":{"line":9,"column":3}},"4":{"start":{"line":12,"column":27},"end":{"line":17,"column":1}},"5":{"start":{"line":13,"column":2},"end":{"line":16,"column":3}}},"fnMap":{"0":{"name":"(anonymous_0)","decl":{"start":{"line":5,"column":33},"end":{"line":5,"column":34}},"loc":{"start":{"line":5,"column":46},"end":{"line":10,"column":1}}},"1":{"name":"(anonymous_1)","decl":{"start":{"line":12,"column":27},"end":{"line":12,"column":28}},"loc":{"start":{"line":12,"column":40},"end":{"line":17,"column":1}}}},"branchMap":{},"s":{"0":3,"1":3,"2":3,"3":4,"4":3,"5":4},"f":{"0":4,"1":4},"b":{},"_coverageSchema":"332fd63041d2c1bcb487cc26dd0d5f7d97098a6c","hash":"097a9c1d468ad9c88887bac4823cd41ee7817eec"}
,"/Users/xiaoxu/workspace/react-redux-demo/src/components/app.jsx": {"path":"/Users/xiaoxu/workspace/react-redux-demo/src/components/app.jsx","statementMap":{"0":{"start":{"line":10,"column":15},"end":{"line":28,"column":1}},"1":{"start":{"line":32,"column":4},"end":{"line":32,"column":11}},"2":{"start":{"line":33,"column":4},"end":{"line":33,"column":52}},"3":{"start":{"line":34,"column":4},"end":{"line":34,"column":52}},"4":{"start":{"line":35,"column":4},"end":{"line":35,"column":50}},"5":{"start":{"line":39,"column":4},"end":{"line":39,"column":43}},"6":{"start":{"line":43,"column":4},"end":{"line":43,"column":22}},"7":{"start":{"line":44,"column":4},"end":{"line":44,"column":46}},"8":{"start":{"line":48,"column":4},"end":{"line":48,"column":47}},"9":{"start":{"line":52,"column":32},"end":{"line":52,"column":42}},"10":{"start":{"line":54,"column":4},"end":{"line":65,"column":5}},"11":{"start":{"line":55,"column":6},"end":{"line":64,"column":7}},"12":{"start":{"line":67,"column":4},"end":{"line":79,"column":5}},"13":{"start":{"line":83,"column":0},"end":{"line":90,"column":1}},"14":{"start":{"line":92,"column":24},"end":{"line":97,"column":1}},"15":{"start":{"line":93,"column":2},"end":{"line":96,"column":3}},"16":{"start":{"line":99,"column":27},"end":{"line":101,"column":1}},"17":{"start":{"line":100,"column":2},"end":{"line":100,"column":63}}},"fnMap":{"0":{"name":"(anonymous_0)","decl":{"start":{"line":31,"column":2},"end":{"line":31,"column":3}},"loc":{"start":{"line":31,"column":16},"end":{"line":36,"column":3}}},"1":{"name":"(anonymous_1)","decl":{"start":{"line":38,"column":2},"end":{"line":38,"column":3}},"loc":{"start":{"line":38,"column":24},"end":{"line":40,"column":3}}},"2":{"name":"(anonymous_2)","decl":{"start":{"line":42,"column":2},"end":{"line":42,"column":3}},"loc":{"start":{"line":42,"column":18},"end":{"line":45,"column":3}}},"3":{"name":"(anonymous_3)","decl":{"start":{"line":47,"column":2},"end":{"line":47,"column":3}},"loc":{"start":{"line":47,"column":16},"end":{"line":49,"column":3}}},"4":{"name":"(anonymous_4)","decl":{"start":{"line":51,"column":2},"end":{"line":51,"column":3}},"loc":{"start":{"line":51,"column":11},"end":{"line":80,"column":3}}},"5":{"name":"(anonymous_5)","decl":{"start":{"line":92,"column":24},"end":{"line":92,"column":25}},"loc":{"start":{"line":92,"column":35},"end":{"line":97,"column":1}}},"6":{"name":"(anonymous_6)","decl":{"start":{"line":99,"column":27},"end":{"line":99,"column":28}},"loc":{"start":{"line":99,"column":41},"end":{"line":101,"column":1}}}},"branchMap":{"0":{"loc":{"start":{"line":54,"column":4},"end":{"line":65,"column":5}},"type":"if","locations":[{"start":{"line":54,"column":4},"end":{"line":65,"column":5}},{"start":{"line":54,"column":4},"end":{"line":65,"column":5}}]}},"s":{"0":1,"1":3,"2":3,"3":3,"4":3,"5":3,"6":2,"7":2,"8":1,"9":9,"10":9,"11":2,"12":7,"13":1,"14":1,"15":9,"16":1,"17":3},"f":{"0":3,"1":3,"2":2,"3":1,"4":9,"5":9,"6":3},"b":{"0":[2,7]},"_coverageSchema":"332fd63041d2c1bcb487cc26dd0d5f7d97098a6c","hash":"638c8feb0b1897ff7a844e808e237083c2e1617c"}
,"/Users/xiaoxu/workspace/react-redux-demo/src/components/UIs/footer.jsx": {"path":"/Users/xiaoxu/workspace/react-redux-demo/src/components/UIs/footer.jsx","statementMap":{"0":{"start":{"line":3,"column":15},"end":{"line":10,"column":1}},"1":{"start":{"line":14,"column":4},"end":{"line":14,"column":11}},"2":{"start":{"line":15,"column":4},"end":{"line":15,"column":50}},"3":{"start":{"line":19,"column":4},"end":{"line":19,"column":24}},"4":{"start":{"line":23,"column":4},"end":{"line":29,"column":7}},"5":{"start":{"line":34,"column":0},"end":{"line":36,"column":1}}},"fnMap":{"0":{"name":"(anonymous_0)","decl":{"start":{"line":13,"column":2},"end":{"line":13,"column":3}},"loc":{"start":{"line":13,"column":16},"end":{"line":16,"column":3}}},"1":{"name":"(anonymous_1)","decl":{"start":{"line":18,"column":2},"end":{"line":18,"column":3}},"loc":{"start":{"line":18,"column":15},"end":{"line":20,"column":3}}},"2":{"name":"(anonymous_2)","decl":{"start":{"line":22,"column":2},"end":{"line":22,"column":3}},"loc":{"start":{"line":22,"column":10},"end":{"line":30,"column":3}}}},"branchMap":{},"s":{"0":2,"1":3,"2":3,"3":1,"4":3,"5":2},"f":{"0":3,"1":1,"2":3},"b":{},"_coverageSchema":"332fd63041d2c1bcb487cc26dd0d5f7d97098a6c","hash":"87509d599de38f1cba9a321531db36195ae20c74"}
,"/Users/xiaoxu/workspace/react-redux-demo/src/components/UIs/submitButton.jsx": {"path":"/Users/xiaoxu/workspace/react-redux-demo/src/components/UIs/submitButton.jsx","statementMap":{"0":{"start":{"line":3,"column":15},"end":{"line":24,"column":1}},"1":{"start":{"line":28,"column":4},"end":{"line":32,"column":5}}},"fnMap":{"0":{"name":"(anonymous_0)","decl":{"start":{"line":27,"column":2},"end":{"line":27,"column":3}},"loc":{"start":{"line":27,"column":10},"end":{"line":33,"column":3}}}},"branchMap":{},"s":{"0":2,"1":8},"f":{"0":8},"b":{},"_coverageSchema":"332fd63041d2c1bcb487cc26dd0d5f7d97098a6c","hash":"d3462a8236d4fabfcf9808118e456e6bb79e8dbe"}
,"/Users/xiaoxu/workspace/react-redux-demo/src/components/UIs/userName.jsx": {"path":"/Users/xiaoxu/workspace/react-redux-demo/src/components/UIs/userName.jsx","statementMap":{"0":{"start":{"line":3,"column":15},"end":{"line":25,"column":1}},"1":{"start":{"line":29,"column":4},"end":{"line":29,"column":11}},"2":{"start":{"line":30,"column":4},"end":{"line":30,"column":52}},"3":{"start":{"line":34,"column":4},"end":{"line":34,"column":39}},"4":{"start":{"line":38,"column":4},"end":{"line":46,"column":6}},"5":{"start":{"line":50,"column":0},"end":{"line":52,"column":1}}},"fnMap":{"0":{"name":"(anonymous_0)","decl":{"start":{"line":28,"column":2},"end":{"line":28,"column":3}},"loc":{"start":{"line":28,"column":16},"end":{"line":31,"column":3}}},"1":{"name":"(anonymous_1)","decl":{"start":{"line":33,"column":2},"end":{"line":33,"column":3}},"loc":{"start":{"line":33,"column":18},"end":{"line":35,"column":3}}},"2":{"name":"(anonymous_2)","decl":{"start":{"line":37,"column":2},"end":{"line":37,"column":3}},"loc":{"start":{"line":37,"column":11},"end":{"line":47,"column":3}}}},"branchMap":{},"s":{"0":2,"1":5,"2":5,"3":3,"4":8,"5":2},"f":{"0":5,"1":3,"2":8},"b":{},"_coverageSchema":"332fd63041d2c1bcb487cc26dd0d5f7d97098a6c","hash":"d2a519a291192b24891c59a4fed68cd3da893ad9"}
,"/Users/xiaoxu/workspace/react-redux-demo/src/reducers/submitReducer.jsx": {"path":"/Users/xiaoxu/workspace/react-redux-demo/src/reducers/submitReducer.jsx","statementMap":{"0":{"start":{"line":4,"column":21},"end":{"line":7,"column":1}},"1":{"start":{"line":9,"column":15},"end":{"line":20,"column":1}},"2":{"start":{"line":10,"column":2},"end":{"line":19,"column":3}},"3":{"start":{"line":12,"column":6},"end":{"line":12,"column":46}},"4":{"start":{"line":15,"column":6},"end":{"line":15,"column":51}},"5":{"start":{"line":18,"column":6},"end":{"line":18,"column":19}}},"fnMap":{"0":{"name":"(anonymous_0)","decl":{"start":{"line":9,"column":15},"end":{"line":9,"column":16}},"loc":{"start":{"line":9,"column":49},"end":{"line":20,"column":1}}}},"branchMap":{"0":{"loc":{"start":{"line":9,"column":16},"end":{"line":9,"column":36}},"type":"default-arg","locations":[{"start":{"line":9,"column":24},"end":{"line":9,"column":36}}]},"1":{"loc":{"start":{"line":10,"column":2},"end":{"line":19,"column":3}},"type":"switch","locations":[{"start":{"line":11,"column":4},"end":{"line":13,"column":5}},{"start":{"line":14,"column":4},"end":{"line":16,"column":5}},{"start":{"line":17,"column":4},"end":{"line":18,"column":19}}]}},"s":{"0":2,"1":2,"2":15,"3":4,"4":5,"5":6},"f":{"0":15},"b":{"0":[6],"1":[4,5,6]},"_coverageSchema":"332fd63041d2c1bcb487cc26dd0d5f7d97098a6c","hash":"b16b9d5bcaf686b96a1e49dd441bbaf656bb9e1a"}
}
