TN:
SF:/Users/xiaoxu/workspace/react-redux-demo/src/actions/submitActions.js
FN:5,(anonymous_0)
FN:12,(anonymous_1)
FNF:2
FNH:2
FNDA:4,(anonymous_0)
FNDA:4,(anonymous_1)
DA:1,3
DA:2,3
DA:5,3
DA:6,4
DA:12,3
DA:13,4
LF:6
LH:6
BRF:0
BRH:0
end_of_record
TN:
SF:/Users/xiaoxu/workspace/react-redux-demo/src/components/app.jsx
FN:31,(anonymous_0)
FN:38,(anonymous_1)
FN:42,(anonymous_2)
FN:47,(anonymous_3)
FN:51,(anonymous_4)
FN:92,(anonymous_5)
FN:99,(anonymous_6)
FNF:7
FNH:7
FNDA:3,(anonymous_0)
FNDA:3,(anonymous_1)
FNDA:2,(anonymous_2)
FNDA:1,(anonymous_3)
FNDA:9,(anonymous_4)
FNDA:9,(anonymous_5)
FNDA:3,(anonymous_6)
DA:10,1
DA:32,3
DA:33,3
DA:34,3
DA:35,3
DA:39,3
DA:43,2
DA:44,2
DA:48,1
DA:52,9
DA:54,9
DA:55,2
DA:67,7
DA:83,1
DA:92,1
DA:93,9
DA:99,1
DA:100,3
LF:18
LH:18
BRDA:54,0,0,2
BRDA:54,0,1,7
BRF:2
BRH:2
end_of_record
TN:
SF:/Users/xiaoxu/workspace/react-redux-demo/src/components/UIs/footer.jsx
FN:13,(anonymous_0)
FN:18,(anonymous_1)
FN:22,(anonymous_2)
FNF:3
FNH:3
FNDA:3,(anonymous_0)
FNDA:1,(anonymous_1)
FNDA:3,(anonymous_2)
DA:3,2
DA:14,3
DA:15,3
DA:19,1
DA:23,3
DA:34,2
LF:6
LH:6
BRF:0
BRH:0
end_of_record
TN:
SF:/Users/xiaoxu/workspace/react-redux-demo/src/components/UIs/submitButton.jsx
FN:27,(anonymous_0)
FNF:1
FNH:1
FNDA:8,(anonymous_0)
DA:3,2
DA:28,8
LF:2
LH:2
BRF:0
BRH:0
end_of_record
TN:
SF:/Users/xiaoxu/workspace/react-redux-demo/src/components/UIs/userName.jsx
FN:28,(anonymous_0)
FN:33,(anonymous_1)
FN:37,(anonymous_2)
FNF:3
FNH:3
FNDA:5,(anonymous_0)
FNDA:3,(anonymous_1)
FNDA:8,(anonymous_2)
DA:3,2
DA:29,5
DA:30,5
DA:34,3
DA:38,8
DA:50,2
LF:6
LH:6
BRF:0
BRH:0
end_of_record
TN:
SF:/Users/xiaoxu/workspace/react-redux-demo/src/reducers/submitReducer.jsx
FN:9,(anonymous_0)
FNF:1
FNH:1
FNDA:15,(anonymous_0)
DA:4,2
DA:9,2
DA:10,15
DA:12,4
DA:15,5
DA:18,6
LF:6
LH:6
BRDA:9,0,0,6
BRDA:10,1,0,4
BRDA:10,1,1,5
BRDA:10,1,2,6
BRF:4
BRH:4
end_of_record
